{"/Users/goodluck/Desktop/swr-testing/thirdParty.ts": {"path":"/Users/goodluck/Desktop/swr-testing/thirdParty.ts","statementMap":{"0":{"start":{"line":4,"column":24},"end":{"line":4,"column":null}}},"fnMap":{},"branchMap":{},"s":{"0":2},"f":{},"b":{}}
,"/Users/goodluck/Desktop/swr-testing/src/App.tsx": {"path":"/Users/goodluck/Desktop/swr-testing/src/App.tsx","statementMap":{"0":{"start":{"line":8,"column":12},"end":{"line":42,"column":null}},"1":{"start":{"line":9,"column":40},"end":{"line":9,"column":null}},"2":{"start":{"line":11,"column":36},"end":{"line":11,"column":null}},"3":{"start":{"line":13,"column":4},"end":{"line":40,"column":null}},"4":{"start":{"line":22,"column":47},"end":{"line":22,"column":68}},"5":{"start":{"line":29,"column":35},"end":{"line":29,"column":57}},"6":{"start":{"line":33,"column":24},"end":{"line":35,"column":null}},"7":{"start":{"line":37,"column":35},"end":{"line":37,"column":null}}},"fnMap":{"0":{"name":"(anonymous_0)","decl":{"start":{"line":8,"column":12},"end":{"line":8,"column":18}},"loc":{"start":{"line":8,"column":18},"end":{"line":42,"column":null}}},"1":{"name":"(anonymous_1)","decl":{"start":{"line":22,"column":41},"end":{"line":22,"column":47}},"loc":{"start":{"line":22,"column":47},"end":{"line":22,"column":68}}},"2":{"name":"(anonymous_2)","decl":{"start":{"line":29,"column":29},"end":{"line":29,"column":35}},"loc":{"start":{"line":29,"column":35},"end":{"line":29,"column":57}}},"3":{"name":"(anonymous_3)","decl":{"start":{"line":32,"column":30},"end":{"line":32,"column":31}},"loc":{"start":{"line":32,"column":41},"end":{"line":36,"column":null}}},"4":{"name":"(anonymous_4)","decl":{"start":{"line":37,"column":29},"end":{"line":37,"column":35}},"loc":{"start":{"line":37,"column":35},"end":{"line":37,"column":null}}}},"branchMap":{},"s":{"0":1,"1":15,"2":15,"3":15,"4":4,"5":0,"6":1,"7":1},"f":{"0":15,"1":4,"2":0,"3":1,"4":1},"b":{}}
,"/Users/goodluck/Desktop/swr-testing/src/api/axios.ts": {"path":"/Users/goodluck/Desktop/swr-testing/src/api/axios.ts","statementMap":{"0":{"start":{"line":3,"column":17},"end":{"line":6,"column":null}},"1":{"start":{"line":8,"column":0},"end":{"line":15,"column":null}},"2":{"start":{"line":10,"column":8},"end":{"line":10,"column":null}},"3":{"start":{"line":13,"column":8},"end":{"line":13,"column":null}},"4":{"start":{"line":17,"column":0},"end":{"line":24,"column":null}},"5":{"start":{"line":19,"column":8},"end":{"line":19,"column":null}},"6":{"start":{"line":22,"column":8},"end":{"line":22,"column":null}}},"fnMap":{"0":{"name":"beforeRequest","decl":{"start":{"line":9,"column":13},"end":{"line":9,"column":27}},"loc":{"start":{"line":9,"column":35},"end":{"line":11,"column":null}}},"1":{"name":"afterRequest","decl":{"start":{"line":12,"column":13},"end":{"line":12,"column":26}},"loc":{"start":{"line":12,"column":31},"end":{"line":14,"column":null}}},"2":{"name":"(anonymous_2)","decl":{"start":{"line":18,"column":4},"end":{"line":18,"column":5}},"loc":{"start":{"line":18,"column":18},"end":{"line":20,"column":null}}},"3":{"name":"(anonymous_3)","decl":{"start":{"line":21,"column":4},"end":{"line":21,"column":5}},"loc":{"start":{"line":21,"column":15},"end":{"line":23,"column":null}}}},"branchMap":{},"s":{"0":2,"1":2,"2":16,"3":0,"4":2,"5":12,"6":4},"f":{"0":16,"1":0,"2":12,"3":4},"b":{}}
,"/Users/goodluck/Desktop/swr-testing/src/components/FilterPostProvider.tsx": {"path":"/Users/goodluck/Desktop/swr-testing/src/components/FilterPostProvider.tsx","statementMap":{"0":{"start":{"line":4,"column":50},"end":{"line":15,"column":null}},"1":{"start":{"line":5,"column":32},"end":{"line":5,"column":null}},"2":{"start":{"line":6,"column":22},"end":{"line":6,"column":null}},"3":{"start":{"line":7,"column":28},"end":{"line":7,"column":null}},"4":{"start":{"line":8,"column":30},"end":{"line":8,"column":null}},"5":{"start":{"line":10,"column":4},"end":{"line":13,"column":null}}},"fnMap":{"0":{"name":"(anonymous_0)","decl":{"start":{"line":4,"column":50},"end":{"line":4,"column":51}},"loc":{"start":{"line":4,"column":68},"end":{"line":15,"column":null}}}},"branchMap":{},"s":{"0":1,"1":4,"2":4,"3":4,"4":4,"5":4},"f":{"0":4},"b":{}}
,"/Users/goodluck/Desktop/swr-testing/src/components/FilterTable.tsx": {"path":"/Users/goodluck/Desktop/swr-testing/src/components/FilterTable.tsx","statementMap":{"0":{"start":{"line":5,"column":20},"end":{"line":27,"column":null}},"1":{"start":{"line":6,"column":43},"end":{"line":6,"column":null}},"2":{"start":{"line":8,"column":4},"end":{"line":25,"column":null}},"3":{"start":{"line":16,"column":20},"end":{"line":16,"column":null}},"4":{"start":{"line":17,"column":20},"end":{"line":17,"column":null}}},"fnMap":{"0":{"name":"(anonymous_0)","decl":{"start":{"line":5,"column":20},"end":{"line":5,"column":26}},"loc":{"start":{"line":5,"column":26},"end":{"line":27,"column":null}}},"1":{"name":"(anonymous_1)","decl":{"start":{"line":15,"column":26},"end":{"line":15,"column":27}},"loc":{"start":{"line":15,"column":35},"end":{"line":18,"column":null}}}},"branchMap":{},"s":{"0":1,"1":17,"2":17,"3":2,"4":2},"f":{"0":17,"1":2},"b":{}}
,"/Users/goodluck/Desktop/swr-testing/src/components/PostForm.tsx": {"path":"/Users/goodluck/Desktop/swr-testing/src/components/PostForm.tsx","statementMap":{"0":{"start":{"line":13,"column":17},"end":{"line":45,"column":null}},"1":{"start":{"line":14,"column":30},"end":{"line":14,"column":null}},"2":{"start":{"line":16,"column":60},"end":{"line":22,"column":null}},"3":{"start":{"line":17,"column":8},"end":{"line":17,"column":null}},"4":{"start":{"line":18,"column":8},"end":{"line":18,"column":null}},"5":{"start":{"line":18,"column":20},"end":{"line":18,"column":null}},"6":{"start":{"line":19,"column":8},"end":{"line":19,"column":null}},"7":{"start":{"line":20,"column":8},"end":{"line":20,"column":null}},"8":{"start":{"line":21,"column":8},"end":{"line":21,"column":null}},"9":{"start":{"line":24,"column":4},"end":{"line":43,"column":null}},"10":{"start":{"line":35,"column":43},"end":{"line":35,"column":null}}},"fnMap":{"0":{"name":"(anonymous_0)","decl":{"start":{"line":13,"column":17},"end":{"line":13,"column":18}},"loc":{"start":{"line":13,"column":71},"end":{"line":45,"column":null}}},"1":{"name":"(anonymous_1)","decl":{"start":{"line":16,"column":60},"end":{"line":16,"column":61}},"loc":{"start":{"line":16,"column":67},"end":{"line":22,"column":null}}},"2":{"name":"(anonymous_2)","decl":{"start":{"line":35,"column":34},"end":{"line":35,"column":35}},"loc":{"start":{"line":35,"column":43},"end":{"line":35,"column":null}}}},"branchMap":{"0":{"loc":{"start":{"line":18,"column":8},"end":{"line":18,"column":null}},"type":"if","locations":[{"start":{"line":18,"column":8},"end":{"line":18,"column":null}},{"start":{},"end":{}}]},"1":{"loc":{"start":{"line":39,"column":25},"end":{"line":39,"column":null}},"type":"binary-expr","locations":[{"start":{"line":39,"column":25},"end":{"line":39,"column":36}},{"start":{"line":39,"column":36},"end":{"line":39,"column":null}}]}},"s":{"0":1,"1":7,"2":7,"3":1,"4":1,"5":0,"6":1,"7":1,"8":1,"9":7,"10":1},"f":{"0":7,"1":1,"2":1},"b":{"0":[0,1],"1":[7,7]}}
,"/Users/goodluck/Desktop/swr-testing/src/components/PostTable.tsx": {"path":"/Users/goodluck/Desktop/swr-testing/src/components/PostTable.tsx","statementMap":{"0":{"start":{"line":23,"column":18},"end":{"line":118,"column":null}},"1":{"start":{"line":24,"column":58},"end":{"line":24,"column":null}},"2":{"start":{"line":25,"column":29},"end":{"line":30,"column":null}},"3":{"start":{"line":31,"column":35},"end":{"line":31,"column":null}},"4":{"start":{"line":32,"column":33},"end":{"line":32,"column":null}},"5":{"start":{"line":34,"column":4},"end":{"line":116,"column":null}},"6":{"start":{"line":52,"column":24},"end":{"line":87,"column":null}},"7":{"start":{"line":71,"column":40},"end":{"line":74,"column":null}},"8":{"start":{"line":82,"column":55},"end":{"line":82,"column":81}},"9":{"start":{"line":106,"column":32},"end":{"line":106,"column":null}},"10":{"start":{"line":109,"column":32},"end":{"line":109,"column":null}},"11":{"start":{"line":110,"column":32},"end":{"line":110,"column":null}}},"fnMap":{"0":{"name":"(anonymous_0)","decl":{"start":{"line":23,"column":18},"end":{"line":23,"column":24}},"loc":{"start":{"line":23,"column":24},"end":{"line":118,"column":null}}},"1":{"name":"(anonymous_1)","decl":{"start":{"line":51,"column":37},"end":{"line":51,"column":38}},"loc":{"start":{"line":52,"column":24},"end":{"line":87,"column":null}}},"2":{"name":"(anonymous_2)","decl":{"start":{"line":70,"column":46},"end":{"line":70,"column":null}},"loc":{"start":{"line":71,"column":40},"end":{"line":74,"column":null}}},"3":{"name":"(anonymous_3)","decl":{"start":{"line":82,"column":49},"end":{"line":82,"column":55}},"loc":{"start":{"line":82,"column":55},"end":{"line":82,"column":81}}},"4":{"name":"(anonymous_4)","decl":{"start":{"line":105,"column":42},"end":{"line":105,"column":43}},"loc":{"start":{"line":105,"column":56},"end":{"line":107,"column":null}}},"5":{"name":"(anonymous_5)","decl":{"start":{"line":108,"column":49},"end":{"line":108,"column":50}},"loc":{"start":{"line":108,"column":56},"end":{"line":111,"column":null}}}},"branchMap":{"0":{"loc":{"start":{"line":94,"column":35},"end":{"line":94,"column":null}},"type":"binary-expr","locations":[{"start":{"line":94,"column":35},"end":{"line":94,"column":50}},{"start":{"line":94,"column":50},"end":{"line":94,"column":null}}]}},"s":{"0":2,"1":28,"2":28,"3":28,"4":28,"5":28,"6":13,"7":1,"8":1,"9":1,"10":0,"11":0},"f":{"0":28,"1":13,"2":1,"3":1,"4":1,"5":0},"b":{"0":[28,15]}}
,"/Users/goodluck/Desktop/swr-testing/src/contexts/FilterPostContext.tsx": {"path":"/Users/goodluck/Desktop/swr-testing/src/contexts/FilterPostContext.tsx","statementMap":{"0":{"start":{"line":14,"column":36},"end":{"line":23,"column":null}},"1":{"start":{"line":25,"column":33},"end":{"line":25,"column":null}}},"fnMap":{"0":{"name":"(anonymous_0)","decl":{"start":{"line":19,"column":15},"end":{"line":19,"column":21}},"loc":{"start":{"line":19,"column":21},"end":{"line":19,"column":null}}},"1":{"name":"(anonymous_1)","decl":{"start":{"line":20,"column":10},"end":{"line":20,"column":16}},"loc":{"start":{"line":20,"column":16},"end":{"line":20,"column":null}}},"2":{"name":"(anonymous_2)","decl":{"start":{"line":21,"column":14},"end":{"line":21,"column":20}},"loc":{"start":{"line":21,"column":20},"end":{"line":21,"column":null}}},"3":{"name":"(anonymous_3)","decl":{"start":{"line":22,"column":13},"end":{"line":22,"column":19}},"loc":{"start":{"line":22,"column":19},"end":{"line":22,"column":null}}}},"branchMap":{},"s":{"0":2,"1":2},"f":{"0":0,"1":0,"2":0,"3":0},"b":{}}
,"/Users/goodluck/Desktop/swr-testing/src/hooks/keys.ts": {"path":"/Users/goodluck/Desktop/swr-testing/src/hooks/keys.ts","statementMap":{"0":{"start":{"line":1,"column":34},"end":{"line":1,"column":null}},"1":{"start":{"line":2,"column":27},"end":{"line":2,"column":null}}},"fnMap":{},"branchMap":{},"s":{"0":1,"1":1},"f":{},"b":{}}
,"/Users/goodluck/Desktop/swr-testing/src/hooks/useCreatePost.ts": {"path":"/Users/goodluck/Desktop/swr-testing/src/hooks/useCreatePost.ts","statementMap":{"0":{"start":{"line":7,"column":22},"end":{"line":33,"column":null}},"1":{"start":{"line":8,"column":30},"end":{"line":8,"column":null}},"2":{"start":{"line":9,"column":32},"end":{"line":9,"column":null}},"3":{"start":{"line":11,"column":4},"end":{"line":32,"column":null}},"4":{"start":{"line":14,"column":12},"end":{"line":18,"column":null}},"5":{"start":{"line":22,"column":16},"end":{"line":25,"column":null}},"6":{"start":{"line":26,"column":16},"end":{"line":26,"column":null}},"7":{"start":{"line":29,"column":16},"end":{"line":29,"column":null}}},"fnMap":{"0":{"name":"(anonymous_0)","decl":{"start":{"line":7,"column":22},"end":{"line":7,"column":28}},"loc":{"start":{"line":7,"column":28},"end":{"line":33,"column":null}}},"1":{"name":"(anonymous_1)","decl":{"start":{"line":13,"column":8},"end":{"line":13,"column":9}},"loc":{"start":{"line":13,"column":55},"end":{"line":19,"column":null}}},"2":{"name":"(anonymous_2)","decl":{"start":{"line":21,"column":12},"end":{"line":21,"column":24}},"loc":{"start":{"line":21,"column":24},"end":{"line":27,"column":null}}},"3":{"name":"(anonymous_3)","decl":{"start":{"line":28,"column":12},"end":{"line":28,"column":22}},"loc":{"start":{"line":28,"column":22},"end":{"line":30,"column":null}}}},"branchMap":{},"s":{"0":1,"1":15,"2":15,"3":15,"4":1,"5":1,"6":1,"7":0},"f":{"0":15,"1":1,"2":1,"3":0},"b":{}}
,"/Users/goodluck/Desktop/swr-testing/src/hooks/useDeletePost.ts": {"path":"/Users/goodluck/Desktop/swr-testing/src/hooks/useDeletePost.ts","statementMap":{"0":{"start":{"line":11,"column":22},"end":{"line":61,"column":null}},"1":{"start":{"line":12,"column":30},"end":{"line":12,"column":null}},"2":{"start":{"line":13,"column":32},"end":{"line":13,"column":null}},"3":{"start":{"line":15,"column":29},"end":{"line":58,"column":null}},"4":{"start":{"line":16,"column":31},"end":{"line":22,"column":null}},"5":{"start":{"line":17,"column":12},"end":{"line":17,"column":null}},"6":{"start":{"line":17,"column":30},"end":{"line":17,"column":null}},"7":{"start":{"line":18,"column":12},"end":{"line":21,"column":null}},"8":{"start":{"line":20,"column":54},"end":{"line":20,"column":66}},"9":{"start":{"line":23,"column":8},"end":{"line":57,"column":null}},"10":{"start":{"line":24,"column":12},"end":{"line":50,"column":null}},"11":{"start":{"line":26,"column":20},"end":{"line":38,"column":null}},"12":{"start":{"line":31,"column":24},"end":{"line":37,"column":null}},"13":{"start":{"line":32,"column":28},"end":{"line":35,"column":null}},"14":{"start":{"line":36,"column":28},"end":{"line":36,"column":null}},"15":{"start":{"line":43,"column":24},"end":{"line":43,"column":null}},"16":{"start":{"line":51,"column":12},"end":{"line":51,"column":null}},"17":{"start":{"line":53,"column":12},"end":{"line":56,"column":null}},"18":{"start":{"line":60,"column":4},"end":{"line":60,"column":null}}},"fnMap":{"0":{"name":"(anonymous_0)","decl":{"start":{"line":11,"column":22},"end":{"line":11,"column":23}},"loc":{"start":{"line":11,"column":45},"end":{"line":61,"column":null}}},"1":{"name":"(anonymous_1)","decl":{"start":{"line":15,"column":29},"end":{"line":15,"column":36}},"loc":{"start":{"line":15,"column":51},"end":{"line":58,"column":null}}},"2":{"name":"(anonymous_2)","decl":{"start":{"line":16,"column":31},"end":{"line":16,"column":32}},"loc":{"start":{"line":16,"column":78},"end":{"line":22,"column":null}}},"3":{"name":"(anonymous_3)","decl":{"start":{"line":20,"column":46},"end":{"line":20,"column":47}},"loc":{"start":{"line":20,"column":54},"end":{"line":20,"column":66}}},"4":{"name":"(anonymous_4)","decl":{"start":{"line":25,"column":28},"end":{"line":25,"column":29}},"loc":{"start":{"line":25,"column":41},"end":{"line":39,"column":17}}},"5":{"name":"(anonymous_5)","decl":{"start":{"line":26,"column":31},"end":{"line":26,"column":37}},"loc":{"start":{"line":26,"column":37},"end":{"line":38,"column":23}}},"6":{"name":"(anonymous_6)","decl":{"start":{"line":31,"column":61},"end":{"line":31,"column":62}},"loc":{"start":{"line":31,"column":71},"end":{"line":37,"column":25}}},"7":{"name":"(anonymous_7)","decl":{"start":{"line":42,"column":20},"end":{"line":42,"column":35}},"loc":{"start":{"line":42,"column":62},"end":{"line":44,"column":null}}}},"branchMap":{"0":{"loc":{"start":{"line":17,"column":12},"end":{"line":17,"column":null}},"type":"if","locations":[{"start":{"line":17,"column":12},"end":{"line":17,"column":null}},{"start":{},"end":{}}]}},"s":{"0":2,"1":28,"2":28,"3":28,"4":1,"5":1,"6":0,"7":1,"8":1,"9":1,"10":1,"11":1,"12":1,"13":1,"14":1,"15":1,"16":1,"17":0,"18":28},"f":{"0":28,"1":1,"2":1,"3":1,"4":1,"5":1,"6":1,"7":1},"b":{"0":[0,1]}}
,"/Users/goodluck/Desktop/swr-testing/src/hooks/useGetPosts.ts": {"path":"/Users/goodluck/Desktop/swr-testing/src/hooks/useGetPosts.ts","statementMap":{"0":{"start":{"line":22,"column":20},"end":{"line":51,"column":null}},"1":{"start":{"line":23,"column":4},"end":{"line":50,"column":null}},"2":{"start":{"line":26,"column":37},"end":{"line":29,"column":null}},"3":{"start":{"line":31,"column":12},"end":{"line":33,"column":null}},"4":{"start":{"line":32,"column":16},"end":{"line":32,"column":null}},"5":{"start":{"line":35,"column":12},"end":{"line":37,"column":null}},"6":{"start":{"line":36,"column":16},"end":{"line":36,"column":null}},"7":{"start":{"line":39,"column":12},"end":{"line":43,"column":null}},"8":{"start":{"line":43,"column":32},"end":{"line":43,"column":41}},"9":{"start":{"line":53,"column":0},"end":{"line":53,"column":null}},"10":{"start":{"line":53,"column":40},"end":{"line":53,"column":null}}},"fnMap":{"0":{"name":"(anonymous_0)","decl":{"start":{"line":22,"column":20},"end":{"line":22,"column":21}},"loc":{"start":{"line":22,"column":46},"end":{"line":51,"column":null}}},"1":{"name":"(anonymous_1)","decl":{"start":{"line":25,"column":8},"end":{"line":25,"column":14}},"loc":{"start":{"line":25,"column":14},"end":{"line":44,"column":null}}},"2":{"name":"(anonymous_2)","decl":{"start":{"line":43,"column":22},"end":{"line":43,"column":23}},"loc":{"start":{"line":43,"column":32},"end":{"line":43,"column":41}}},"3":{"name":"(anonymous_3)","decl":{"start":{"line":53,"column":21},"end":{"line":53,"column":22}},"loc":{"start":{"line":53,"column":40},"end":{"line":53,"column":null}}}},"branchMap":{"0":{"loc":{"start":{"line":31,"column":12},"end":{"line":33,"column":null}},"type":"if","locations":[{"start":{"line":31,"column":12},"end":{"line":33,"column":null}},{"start":{},"end":{}}]},"1":{"loc":{"start":{"line":35,"column":12},"end":{"line":37,"column":null}},"type":"if","locations":[{"start":{"line":35,"column":12},"end":{"line":37,"column":null}},{"start":{},"end":{}}]},"2":{"loc":{"start":{"line":35,"column":16},"end":{"line":35,"column":56}},"type":"binary-expr","locations":[{"start":{"line":35,"column":16},"end":{"line":35,"column":32}},{"start":{"line":35,"column":32},"end":{"line":35,"column":56}}]},"3":{"loc":{"start":{"line":53,"column":40},"end":{"line":53,"column":null}},"type":"cond-expr","locations":[{"start":{"line":53,"column":49},"end":{"line":53,"column":73}},{"start":{"line":53,"column":73},"end":{"line":53,"column":null}}]}},"s":{"0":2,"1":28,"2":13,"3":13,"4":0,"5":13,"6":2,"7":13,"8":9,"9":2,"10":28},"f":{"0":28,"1":13,"2":9,"3":28},"b":{"0":[0,13],"1":[2,11],"2":[13,13],"3":[28,0]}}
,"/Users/goodluck/Desktop/swr-testing/src/hooks/useRevalidatePostList.ts": {"path":"/Users/goodluck/Desktop/swr-testing/src/hooks/useRevalidatePostList.ts","statementMap":{"0":{"start":{"line":3,"column":37},"end":{"line":22,"column":null}},"1":{"start":{"line":4,"column":23},"end":{"line":4,"column":null}},"2":{"start":{"line":6,"column":26},"end":{"line":19,"column":null}},"3":{"start":{"line":7,"column":8},"end":{"line":18,"column":null}},"4":{"start":{"line":9,"column":16},"end":{"line":11,"column":null}},"5":{"start":{"line":10,"column":20},"end":{"line":10,"column":null}},"6":{"start":{"line":12,"column":16},"end":{"line":12,"column":null}},"7":{"start":{"line":21,"column":4},"end":{"line":21,"column":null}}},"fnMap":{"0":{"name":"(anonymous_0)","decl":{"start":{"line":3,"column":37},"end":{"line":3,"column":43}},"loc":{"start":{"line":3,"column":43},"end":{"line":22,"column":null}}},"1":{"name":"(anonymous_1)","decl":{"start":{"line":6,"column":26},"end":{"line":6,"column":32}},"loc":{"start":{"line":6,"column":32},"end":{"line":19,"column":null}}},"2":{"name":"(anonymous_2)","decl":{"start":{"line":8,"column":12},"end":{"line":8,"column":13}},"loc":{"start":{"line":8,"column":21},"end":{"line":13,"column":null}}}},"branchMap":{"0":{"loc":{"start":{"line":9,"column":16},"end":{"line":11,"column":null}},"type":"if","locations":[{"start":{"line":9,"column":16},"end":{"line":11,"column":null}},{"start":{},"end":{}}]},"1":{"loc":{"start":{"line":9,"column":20},"end":{"line":9,"column":80}},"type":"binary-expr","locations":[{"start":{"line":9,"column":20},"end":{"line":9,"column":43}},{"start":{"line":9,"column":43},"end":{"line":9,"column":80}}]}},"s":{"0":1,"1":6,"2":6,"3":0,"4":0,"5":0,"6":0,"7":6},"f":{"0":6,"1":0,"2":0},"b":{"0":[0,0],"1":[0,0]}}
,"/Users/goodluck/Desktop/swr-testing/src/hooks/useUpdateStatus.ts": {"path":"/Users/goodluck/Desktop/swr-testing/src/hooks/useUpdateStatus.ts","statementMap":{"0":{"start":{"line":12,"column":24},"end":{"line":59,"column":null}},"1":{"start":{"line":13,"column":30},"end":{"line":13,"column":null}},"2":{"start":{"line":14,"column":32},"end":{"line":14,"column":null}},"3":{"start":{"line":16,"column":31},"end":{"line":56,"column":null}},"4":{"start":{"line":17,"column":31},"end":{"line":23,"column":null}},"5":{"start":{"line":18,"column":12},"end":{"line":18,"column":null}},"6":{"start":{"line":18,"column":30},"end":{"line":18,"column":null}},"7":{"start":{"line":19,"column":37},"end":{"line":19,"column":null}},"8":{"start":{"line":20,"column":26},"end":{"line":20,"column":null}},"9":{"start":{"line":20,"column":66},"end":{"line":20,"column":78}},"10":{"start":{"line":21,"column":12},"end":{"line":21,"column":null}},"11":{"start":{"line":22,"column":12},"end":{"line":22,"column":null}},"12":{"start":{"line":25,"column":8},"end":{"line":54,"column":null}},"13":{"start":{"line":32,"column":24},"end":{"line":40,"column":null}},"14":{"start":{"line":33,"column":28},"end":{"line":39,"column":null}},"15":{"start":{"line":34,"column":32},"end":{"line":37,"column":null}},"16":{"start":{"line":38,"column":32},"end":{"line":38,"column":null}},"17":{"start":{"line":45,"column":20},"end":{"line":45,"column":null}},"18":{"start":{"line":49,"column":20},"end":{"line":49,"column":null}},"19":{"start":{"line":55,"column":8},"end":{"line":55,"column":null}},"20":{"start":{"line":58,"column":4},"end":{"line":58,"column":null}}},"fnMap":{"0":{"name":"(anonymous_0)","decl":{"start":{"line":12,"column":24},"end":{"line":12,"column":25}},"loc":{"start":{"line":12,"column":47},"end":{"line":59,"column":null}}},"1":{"name":"(anonymous_1)","decl":{"start":{"line":16,"column":31},"end":{"line":16,"column":38}},"loc":{"start":{"line":16,"column":90},"end":{"line":56,"column":null}}},"2":{"name":"(anonymous_2)","decl":{"start":{"line":17,"column":31},"end":{"line":17,"column":32}},"loc":{"start":{"line":17,"column":78},"end":{"line":23,"column":null}}},"3":{"name":"(anonymous_3)","decl":{"start":{"line":20,"column":58},"end":{"line":20,"column":59}},"loc":{"start":{"line":20,"column":66},"end":{"line":20,"column":78}}},"4":{"name":"(anonymous_4)","decl":{"start":{"line":31,"column":20},"end":{"line":31,"column":21}},"loc":{"start":{"line":32,"column":24},"end":{"line":40,"column":null}}},"5":{"name":"(anonymous_5)","decl":{"start":{"line":32,"column":41},"end":{"line":32,"column":42}},"loc":{"start":{"line":32,"column":54},"end":{"line":40,"column":25}}},"6":{"name":"(anonymous_6)","decl":{"start":{"line":33,"column":39},"end":{"line":33,"column":45}},"loc":{"start":{"line":33,"column":45},"end":{"line":39,"column":31}}},"7":{"name":"(anonymous_7)","decl":{"start":{"line":44,"column":16},"end":{"line":44,"column":31}},"loc":{"start":{"line":44,"column":44},"end":{"line":46,"column":null}}},"8":{"name":"(anonymous_8)","decl":{"start":{"line":48,"column":16},"end":{"line":48,"column":30}},"loc":{"start":{"line":48,"column":52},"end":{"line":50,"column":null}}}},"branchMap":{"0":{"loc":{"start":{"line":18,"column":12},"end":{"line":18,"column":null}},"type":"if","locations":[{"start":{"line":18,"column":12},"end":{"line":18,"column":null}},{"start":{},"end":{}}]}},"s":{"0":2,"1":28,"2":28,"3":28,"4":1,"5":2,"6":0,"7":2,"8":2,"9":2,"10":2,"11":2,"12":1,"13":1,"14":1,"15":1,"16":1,"17":1,"18":1,"19":1,"20":28},"f":{"0":28,"1":1,"2":2,"3":2,"4":1,"5":1,"6":1,"7":1,"8":1},"b":{"0":[0,2]}}
}
