{"/Users/goodluck/Desktop/swr-testing/app/src/components/FilterTable.tsx": {"path":"/Users/goodluck/Desktop/swr-testing/app/src/components/FilterTable.tsx","statementMap":{"0":{"start":{"line":5,"column":20},"end":{"line":26,"column":null}},"1":{"start":{"line":6,"column":43},"end":{"line":6,"column":null}},"2":{"start":{"line":8,"column":4},"end":{"line":24,"column":null}},"3":{"start":{"line":16,"column":20},"end":{"line":16,"column":null}},"4":{"start":{"line":17,"column":20},"end":{"line":17,"column":null}}},"fnMap":{"0":{"name":"(anonymous_0)","decl":{"start":{"line":5,"column":20},"end":{"line":5,"column":26}},"loc":{"start":{"line":5,"column":26},"end":{"line":26,"column":null}}},"1":{"name":"(anonymous_1)","decl":{"start":{"line":15,"column":26},"end":{"line":15,"column":27}},"loc":{"start":{"line":15,"column":35},"end":{"line":18,"column":null}}}},"branchMap":{},"s":{"0":1,"1":5,"2":5,"3":2,"4":2},"f":{"0":5,"1":2},"b":{}}
,"/Users/goodluck/Desktop/swr-testing/app/src/contexts/FilterPostContext.tsx": {"path":"/Users/goodluck/Desktop/swr-testing/app/src/contexts/FilterPostContext.tsx","statementMap":{"0":{"start":{"line":14,"column":36},"end":{"line":23,"column":null}},"1":{"start":{"line":25,"column":33},"end":{"line":25,"column":null}}},"fnMap":{"0":{"name":"(anonymous_0)","decl":{"start":{"line":19,"column":15},"end":{"line":19,"column":21}},"loc":{"start":{"line":19,"column":21},"end":{"line":19,"column":null}}},"1":{"name":"(anonymous_1)","decl":{"start":{"line":20,"column":10},"end":{"line":20,"column":16}},"loc":{"start":{"line":20,"column":16},"end":{"line":20,"column":null}}},"2":{"name":"(anonymous_2)","decl":{"start":{"line":21,"column":14},"end":{"line":21,"column":20}},"loc":{"start":{"line":21,"column":20},"end":{"line":21,"column":null}}},"3":{"name":"(anonymous_3)","decl":{"start":{"line":22,"column":13},"end":{"line":22,"column":19}},"loc":{"start":{"line":22,"column":19},"end":{"line":22,"column":null}}}},"branchMap":{},"s":{"0":1,"1":1},"f":{"0":1,"1":0,"2":0,"3":1},"b":{}}
}
